生成启动时间为 2017/10/21 18:03:13。
     1>项目“D:\freelancer\201710\ExtractChar\ExtractChar\ExtractChar.vcxproj”在节点 2 上(Build 个目标)。
     1>ClCompile:
         C:\Program Files (x86)\Microsoft Visual Studio 12.0\VC\bin\CL.exe /c /ZI /nologo /W3 /WX- /sdl /Od /Oy- /D WIN32 /D _DEBUG /D _CONSOLE /D _LIB /D _UNICODE /D UNICODE /Gm /EHsc /RTC1 /MDd /GS /fp:precise /Zc:wchar_t /Zc:forScope /Yu"stdafx.h" /Fp"Debug\ExtractChar.pch" /Fo"Debug\\" /Fd"Debug\vc120.pdb" /Gd /TP /analyze- /errorReport:prompt ExtractChar.cpp extraction.cpp
         ExtractChar.cpp
     1>d:\opencv3x\build_310\include\opencv2\core\mat.hpp(1959): warning C4819: 该文件包含不能在当前代码页(936)中表示的字符。请将该文件保存为 Unicode 格式以防止数据丢失
     1>d:\opencv3x\build_310\include\opencv2\core\persistence.hpp : warning C4819: 该文件包含不能在当前代码页(936)中表示的字符。请将该文件保存为 Unicode 格式以防止数据丢失
     1>d:\opencv3x\build_310\include\opencv2\core\utility.hpp : warning C4819: 该文件包含不能在当前代码页(936)中表示的字符。请将该文件保存为 Unicode 格式以防止数据丢失
     1>d:\opencv3x\build_310\include\opencv2\imgproc.hpp(618): warning C4819: 该文件包含不能在当前代码页(936)中表示的字符。请将该文件保存为 Unicode 格式以防止数据丢失
     1>d:\freelancer\201710\extractchar\extractchar\extractchar.cpp(41): warning C4800: “int”: 将值强制为布尔值“true”或“false”(性能警告)
         正在生成代码...
         正在编译...
         extraction.cpp
     1>d:\opencv3x\build_310\include\opencv2\core\mat.hpp(1959): warning C4819: 该文件包含不能在当前代码页(936)中表示的字符。请将该文件保存为 Unicode 格式以防止数据丢失
     1>d:\opencv3x\build_310\include\opencv2\core\persistence.hpp : warning C4819: 该文件包含不能在当前代码页(936)中表示的字符。请将该文件保存为 Unicode 格式以防止数据丢失
     1>d:\opencv3x\build_310\include\opencv2\core\utility.hpp : warning C4819: 该文件包含不能在当前代码页(936)中表示的字符。请将该文件保存为 Unicode 格式以防止数据丢失
     1>d:\opencv3x\build_310\include\opencv2\imgproc.hpp(618): warning C4819: 该文件包含不能在当前代码页(936)中表示的字符。请将该文件保存为 Unicode 格式以防止数据丢失
     1>d:\freelancer\201710\extractchar\extractchar\extraction.cpp(139): warning C4244: “初始化”: 从“float”转换到“int”，可能丢失数据
     1>d:\freelancer\201710\extractchar\extractchar\extraction.cpp(269): warning C4244: “参数”: 从“double”转换到“int”，可能丢失数据
     1>d:\freelancer\201710\extractchar\extractchar\extraction.cpp(371): warning C4305: “初始化”: 从“double”到“float”截断
     1>d:\freelancer\201710\extractchar\extractchar\extraction.cpp(399): warning C4244: “初始化”: 从“double”转换到“float”，可能丢失数据
     1>d:\freelancer\201710\extractchar\extractchar\extraction.cpp(400): warning C4244: “初始化”: 从“double”转换到“float”，可能丢失数据
     1>d:\freelancer\201710\extractchar\extractchar\extraction.cpp(561): warning C4244: “初始化”: 从“float”转换到“int”，可能丢失数据
         正在生成代码...
       Link:
         C:\Program Files (x86)\Microsoft Visual Studio 12.0\VC\bin\link.exe /ERRORREPORT:PROMPT /OUT:"D:\freelancer\201710\ExtractChar\Debug\ExtractChar.exe" /INCREMENTAL /NOLOGO opencv_world310d.lib kernel32.lib user32.lib gdi32.lib winspool.lib comdlg32.lib advapi32.lib shell32.lib ole32.lib oleaut32.lib uuid.lib odbc32.lib odbccp32.lib kernel32.lib user32.lib gdi32.lib winspool.lib comdlg32.lib advapi32.lib shell32.lib ole32.lib oleaut32.lib uuid.lib odbc32.lib odbccp32.lib /MANIFEST /MANIFESTUAC:"level='asInvoker' uiAccess='false'" /manifest:embed /DEBUG /PDB:"D:\freelancer\201710\ExtractChar\Debug\ExtractChar.pdb" /SUBSYSTEM:CONSOLE /TLBID:1 /DYNAMICBASE /NXCOMPAT /IMPLIB:"D:\freelancer\201710\ExtractChar\Debug\ExtractChar.lib" /MACHINE:X86 Debug\ExtractChar.obj
         Debug\extraction.obj
         Debug\stdafx.obj
     1>opencv_world310d.lib(opencv_world310d.dll) : fatal error LNK1112: 模块计算机类型“x64”与目标计算机类型“X86”冲突
     1>已完成生成项目“D:\freelancer\201710\ExtractChar\ExtractChar\ExtractChar.vcxproj”(Build 个目标)的操作 - 失败。

生成失败。

已用时间 00:00:03.42
